<?xml version="1.0" encoding="UTF-8"?>
<!-- Generated by org.testng.reporters.JUnitReportReporter -->
<testsuite hostname="CBPC-09" failures="0" tests="2" name="com.evs.vtiger.testScript.Tasks" time="41.652" errors="0" timestamp="2024-03-18T19:37:57 IST" skipped="0">
  <testcase classname="com.evs.vtiger.testScript.Tasks" name="TaskCreation" time="19.618"/>
  <system-out/>
  <testcase classname="com.evs.vtiger.testScript.Tasks" name="TaskCreation" time="22.034"/>
  <system-out/>
</testsuite> <!-- com.evs.vtiger.testScript.Tasks -->
