<?xml version="1.0" encoding="UTF-8"?>
<!-- Generated by org.testng.reporters.JUnitReportReporter -->
<testsuite hostname="CBPC-09" failures="0" tests="10" name="com.evs.vtiger.testScript.MarketingTestScript" time="114.549" errors="0" timestamp="2024-02-07T16:33:01 IST" skipped="0">
  <testcase classname="com.evs.vtiger.testScript.MarketingTestScript" name="vt001accountcreate" time="11.137"/>
  <system-out/>
  <testcase classname="com.evs.vtiger.testScript.MarketingTestScript" name="vt001accountcreate" time="11.205"/>
  <system-out/>
  <testcase classname="com.evs.vtiger.testScript.MarketingTestScript" name="vt001accountcreate" time="11.469"/>
  <system-out/>
  <testcase classname="com.evs.vtiger.testScript.MarketingTestScript" name="vt001accountcreate" time="11.897"/>
  <system-out/>
  <testcase classname="com.evs.vtiger.testScript.MarketingTestScript" name="vt001accountcreate" time="11.008"/>
  <system-out/>
  <testcase classname="com.evs.vtiger.testScript.MarketingTestScript" name="vt001accountcreate" time="11.280"/>
  <system-out/>
  <testcase classname="com.evs.vtiger.testScript.MarketingTestScript" name="vt001accountcreate" time="11.089"/>
  <system-out/>
  <testcase classname="com.evs.vtiger.testScript.MarketingTestScript" name="vt001accountcreate" time="12.930"/>
  <system-out/>
  <testcase classname="com.evs.vtiger.testScript.MarketingTestScript" name="vt001accountcreate" time="11.378"/>
  <system-out/>
  <testcase classname="com.evs.vtiger.testScript.MarketingTestScript" name="vt001accountcreate" time="11.156"/>
  <system-out/>
</testsuite> <!-- com.evs.vtiger.testScript.MarketingTestScript -->
