<?xml version="1.0" encoding="UTF-8"?>
<!-- Generated by org.testng.reporters.JUnitReportReporter -->
<testsuite hostname="CBPC-09" failures="0" tests="1" name="com.evs.vtiger.testScript.Kishan" time="0.020" errors="0" timestamp="2024-02-06T20:01:04 IST" skipped="0">
  <testcase classname="com.evs.vtiger.testScript.Kishan" name="m1" time="0.020"/>
  <system-out/>
</testsuite> <!-- com.evs.vtiger.testScript.Kishan -->
