<?xml version="1.0" encoding="UTF-8"?>
<!-- Generated by org.testng.reporters.JUnitReportReporter -->
<testsuite hostname="CBPC-09" failures="0" tests="10" name="com.evs.vtiger.testScript.Uploadfile" time="121.094" errors="0" timestamp="2024-02-07T19:34:30 IST" skipped="0">
  <testcase classname="com.evs.vtiger.testScript.Uploadfile" name="uploadfile" time="11.984"/>
  <system-out/>
  <testcase classname="com.evs.vtiger.testScript.Uploadfile" name="uploadfile" time="13.431"/>
  <system-out/>
  <testcase classname="com.evs.vtiger.testScript.Uploadfile" name="uploadfile" time="12.060"/>
  <system-out/>
  <testcase classname="com.evs.vtiger.testScript.Uploadfile" name="uploadfile" time="12.056"/>
  <system-out/>
  <testcase classname="com.evs.vtiger.testScript.Uploadfile" name="uploadfile" time="11.572"/>
  <system-out/>
  <testcase classname="com.evs.vtiger.testScript.Uploadfile" name="uploadfile" time="13.216"/>
  <system-out/>
  <testcase classname="com.evs.vtiger.testScript.Uploadfile" name="uploadfile" time="12.547"/>
  <system-out/>
  <testcase classname="com.evs.vtiger.testScript.Uploadfile" name="uploadfile" time="11.233"/>
  <system-out/>
  <testcase classname="com.evs.vtiger.testScript.Uploadfile" name="uploadfile" time="12.052"/>
  <system-out/>
  <testcase classname="com.evs.vtiger.testScript.Uploadfile" name="uploadfile" time="10.943"/>
  <system-out/>
</testsuite> <!-- com.evs.vtiger.testScript.Uploadfile -->
