<?xml version="1.0" encoding="UTF-8"?>
<!-- Generated by org.testng.reporters.JUnitReportReporter -->
<testsuite hostname="CBPC-09" failures="0" tests="17" name="com.evs.vtiger.testScript.LMSCommon" time="99.396" errors="0" timestamp="2024-03-04T18:07:30 IST" skipped="7">
  <testcase classname="com.evs.vtiger.testScript.LMSCommon" name="lm001employee" time="17.843"/>
  <system-out/>
  <testcase classname="com.evs.vtiger.testScript.LMSCommon" name="lm001employee" time="7.597"/>
  <system-out/>
  <testcase classname="com.evs.vtiger.testScript.LMSCommon" name="lm001employee" time="8.925"/>
  <system-out/>
  <testcase classname="com.evs.vtiger.testScript.LMSCommon" name="lm001employee" time="9.233"/>
  <system-out/>
  <testcase classname="com.evs.vtiger.testScript.LMSCommon" name="lm001employee" time="10.376"/>
  <system-out/>
  <testcase classname="com.evs.vtiger.testScript.LMSCommon" name="lm001employee" time="9.740"/>
  <system-out/>
  <testcase classname="com.evs.vtiger.testScript.LMSCommon" name="lm001employee" time="7.620"/>
  <system-out/>
  <testcase classname="com.evs.vtiger.testScript.LMSCommon" name="lm001employee" time="10.544"/>
  <system-out/>
  <testcase classname="com.evs.vtiger.testScript.LMSCommon" name="lm001employee" time="8.044"/>
  <system-out/>
  <testcase classname="com.evs.vtiger.testScript.LMSCommon" name="lm001employee" time="9.474"/>
  <system-out/>
  <testcase classname="com.evs.vtiger.testScript.LMSCommon" name="courseCreation">
    <skipped/>
  </testcase> <!-- courseCreation -->
  <system-out/>
  <testcase classname="com.evs.vtiger.testScript.LMSCommon" name="CourseMangement">
    <skipped/>
  </testcase> <!-- CourseMangement -->
  <system-out/>
  <testcase classname="com.evs.vtiger.testScript.LMSCommon" name="uploadprofile">
    <skipped/>
  </testcase> <!-- uploadprofile -->
  <system-out/>
  <testcase classname="com.evs.vtiger.testScript.LMSCommon" name="Universaldelete">
    <skipped/>
  </testcase> <!-- Universaldelete -->
  <system-out/>
  <testcase classname="com.evs.vtiger.testScript.LMSCommon" name="uploadfile">
    <skipped/>
  </testcase> <!-- uploadfile -->
  <system-out/>
  <testcase classname="com.evs.vtiger.testScript.LMSCommon" name="uploadlogo">
    <skipped/>
  </testcase> <!-- uploadlogo -->
  <system-out/>
  <testcase classname="com.evs.vtiger.testScript.LMSCommon" name="createAdmin">
    <skipped/>
  </testcase> <!-- createAdmin -->
  <system-out/>
</testsuite> <!-- com.evs.vtiger.testScript.LMSCommon -->
