<?xml version="1.0" encoding="UTF-8"?>
<!-- Generated by org.testng.reporters.JUnitReportReporter -->
<testsuite hostname="CBPC-09" failures="0" tests="1" name="com.evs.vtiger.testScript.UploadLogo" time="8.681" errors="0" timestamp="2024-02-07T22:44:59 IST" skipped="0">
  <testcase classname="com.evs.vtiger.testScript.UploadLogo" name="uploadlogo" time="8.681"/>
  <system-out/>
</testsuite> <!-- com.evs.vtiger.testScript.UploadLogo -->
