<?xml version="1.0" encoding="UTF-8"?>
<!-- Generated by org.testng.reporters.JUnitReportReporter -->
<testsuite hostname="CBPC-09" failures="0" tests="1" name="com.evs.vtiger.testScript.FwnoticeDropDown" time="16.088" errors="0" timestamp="2024-02-16T19:16:07 IST" skipped="0">
  <testcase classname="com.evs.vtiger.testScript.FwnoticeDropDown" name="m1" time="16.088"/>
  <system-out/>
</testsuite> <!-- com.evs.vtiger.testScript.FwnoticeDropDown -->
