<?xml version="1.0" encoding="UTF-8"?>
<!-- Generated by org.testng.reporters.JUnitReportReporter -->
<testsuite hostname="CBPC-09" failures="0" tests="17" name="com.evs.vtiger.testScript.SuperAdmin" time="130.194" errors="0" timestamp="2024-03-18T19:37:57 IST" skipped="7">
  <testcase classname="com.evs.vtiger.testScript.SuperAdmin" name="lm001employee" time="13.460"/>
  <system-out/>
  <testcase classname="com.evs.vtiger.testScript.SuperAdmin" name="lm001employee" time="12.429"/>
  <system-out/>
  <testcase classname="com.evs.vtiger.testScript.SuperAdmin" name="lm001employee" time="12.751"/>
  <system-out/>
  <testcase classname="com.evs.vtiger.testScript.SuperAdmin" name="lm001employee" time="12.746"/>
  <system-out/>
  <testcase classname="com.evs.vtiger.testScript.SuperAdmin" name="lm001employee" time="12.666"/>
  <system-out/>
  <testcase classname="com.evs.vtiger.testScript.SuperAdmin" name="lm001employee" time="12.826"/>
  <system-out/>
  <testcase classname="com.evs.vtiger.testScript.SuperAdmin" name="lm001employee" time="12.624"/>
  <system-out/>
  <testcase classname="com.evs.vtiger.testScript.SuperAdmin" name="lm001employee" time="15.097"/>
  <system-out/>
  <testcase classname="com.evs.vtiger.testScript.SuperAdmin" name="lm001employee" time="12.463"/>
  <system-out/>
  <testcase classname="com.evs.vtiger.testScript.SuperAdmin" name="lm001employee" time="13.132"/>
  <system-out/>
  <testcase classname="com.evs.vtiger.testScript.SuperAdmin" name="courseCreation">
    <skipped/>
  </testcase> <!-- courseCreation -->
  <system-out/>
  <testcase classname="com.evs.vtiger.testScript.SuperAdmin" name="CourseMangement">
    <skipped/>
  </testcase> <!-- CourseMangement -->
  <system-out/>
  <testcase classname="com.evs.vtiger.testScript.SuperAdmin" name="Universaldelete">
    <skipped/>
  </testcase> <!-- Universaldelete -->
  <system-out/>
  <testcase classname="com.evs.vtiger.testScript.SuperAdmin" name="createAdmin">
    <skipped/>
  </testcase> <!-- createAdmin -->
  <system-out/>
  <testcase classname="com.evs.vtiger.testScript.SuperAdmin" name="uploadprofile">
    <skipped/>
  </testcase> <!-- uploadprofile -->
  <system-out/>
  <testcase classname="com.evs.vtiger.testScript.SuperAdmin" name="uploadfile">
    <skipped/>
  </testcase> <!-- uploadfile -->
  <system-out/>
  <testcase classname="com.evs.vtiger.testScript.SuperAdmin" name="uploadlogo">
    <skipped/>
  </testcase> <!-- uploadlogo -->
  <system-out/>
</testsuite> <!-- com.evs.vtiger.testScript.SuperAdmin -->
