<?xml version="1.0" encoding="UTF-8"?>
<!-- Generated by org.testng.reporters.JUnitReportReporter -->
<testsuite hostname="CBPC-09" failures="0" tests="4" name="responsiveTesting.AutomateResponsive" time="110.571" errors="0" timestamp="2024-03-20T20:03:02 IST" skipped="0">
  <testcase classname="responsiveTesting.AutomateResponsive" name="responsiveTesting" time="23.724"/>
  <system-out/>
  <testcase classname="responsiveTesting.AutomateResponsive" name="responsiveTesting" time="37.296"/>
  <system-out/>
  <testcase classname="responsiveTesting.AutomateResponsive" name="responsiveTesting" time="21.122"/>
  <system-out/>
  <testcase classname="responsiveTesting.AutomateResponsive" name="responsiveTesting" time="28.429"/>
  <system-out/>
</testsuite> <!-- responsiveTesting.AutomateResponsive -->
