<?xml version="1.0" encoding="UTF-8"?>
<!-- Generated by org.testng.reporters.JUnitReportReporter -->
<testsuite hostname="CBPC-09" failures="0" tests="10" name="com.evs.vtiger.testScript.SuperAdminEmployee" time="83.681" errors="0" timestamp="2024-02-07T18:00:49 IST" skipped="0">
  <testcase classname="com.evs.vtiger.testScript.SuperAdminEmployee" name="lm001employee" time="8.624"/>
  <system-out/>
  <testcase classname="com.evs.vtiger.testScript.SuperAdminEmployee" name="lm001employee" time="8.144"/>
  <system-out/>
  <testcase classname="com.evs.vtiger.testScript.SuperAdminEmployee" name="lm001employee" time="8.541"/>
  <system-out/>
  <testcase classname="com.evs.vtiger.testScript.SuperAdminEmployee" name="lm001employee" time="8.186"/>
  <system-out/>
  <testcase classname="com.evs.vtiger.testScript.SuperAdminEmployee" name="lm001employee" time="9.607"/>
  <system-out/>
  <testcase classname="com.evs.vtiger.testScript.SuperAdminEmployee" name="lm001employee" time="8.200"/>
  <system-out/>
  <testcase classname="com.evs.vtiger.testScript.SuperAdminEmployee" name="lm001employee" time="8.430"/>
  <system-out/>
  <testcase classname="com.evs.vtiger.testScript.SuperAdminEmployee" name="lm001employee" time="7.033"/>
  <system-out/>
  <testcase classname="com.evs.vtiger.testScript.SuperAdminEmployee" name="lm001employee" time="8.956"/>
  <system-out/>
  <testcase classname="com.evs.vtiger.testScript.SuperAdminEmployee" name="lm001employee" time="7.960"/>
  <system-out/>
</testsuite> <!-- com.evs.vtiger.testScript.SuperAdminEmployee -->
