<?xml version="1.0" encoding="UTF-8"?>
<!-- Generated by org.testng.reporters.JUnitReportReporter -->
<testsuite hostname="CBPC-09" failures="0" tests="1" name="com.evs.vtiger.testScript.UploadProfile" time="10.892" errors="0" timestamp="2024-02-07T21:58:38 IST" skipped="0">
  <testcase classname="com.evs.vtiger.testScript.UploadProfile" name="uploadprofile" time="10.892"/>
  <system-out/>
</testsuite> <!-- com.evs.vtiger.testScript.UploadProfile -->
