<?xml version="1.0" encoding="UTF-8"?>
<!-- Generated by org.testng.reporters.JUnitReportReporter -->
<testsuite hostname="CBPC-09" failures="0" tests="16" name="com.evs.vtiger.testScript.Admin" time="139.108" errors="0" timestamp="2024-03-18T19:17:25 IST" skipped="5">
  <testcase classname="com.evs.vtiger.testScript.Admin" name="lm001employee" time="12.513"/>
  <system-out/>
  <testcase classname="com.evs.vtiger.testScript.Admin" name="lm001employee" time="13.492"/>
  <system-out/>
  <testcase classname="com.evs.vtiger.testScript.Admin" name="lm001employee" time="12.545"/>
  <system-out/>
  <testcase classname="com.evs.vtiger.testScript.Admin" name="lm001employee" time="11.602"/>
  <system-out/>
  <testcase classname="com.evs.vtiger.testScript.Admin" name="lm001employee" time="12.003"/>
  <system-out/>
  <testcase classname="com.evs.vtiger.testScript.Admin" name="lm001employee" time="12.231"/>
  <system-out/>
  <testcase classname="com.evs.vtiger.testScript.Admin" name="lm001employee" time="11.976"/>
  <system-out/>
  <testcase classname="com.evs.vtiger.testScript.Admin" name="lm001employee" time="13.213"/>
  <system-out/>
  <testcase classname="com.evs.vtiger.testScript.Admin" name="lm001employee" time="14.455"/>
  <system-out/>
  <testcase classname="com.evs.vtiger.testScript.Admin" name="lm001employee" time="12.972"/>
  <system-out/>
  <testcase classname="com.evs.vtiger.testScript.Admin" name="uploadlogo" time="12.106"/>
  <system-out/>
  <testcase classname="com.evs.vtiger.testScript.Admin" name="CourseMangement">
    <skipped/>
  </testcase> <!-- CourseMangement -->
  <system-out/>
  <testcase classname="com.evs.vtiger.testScript.Admin" name="Universaldelete">
    <skipped/>
  </testcase> <!-- Universaldelete -->
  <system-out/>
  <testcase classname="com.evs.vtiger.testScript.Admin" name="courseCreation">
    <skipped/>
  </testcase> <!-- courseCreation -->
  <system-out/>
  <testcase classname="com.evs.vtiger.testScript.Admin" name="uploadfile">
    <skipped/>
  </testcase> <!-- uploadfile -->
  <system-out/>
  <testcase classname="com.evs.vtiger.testScript.Admin" name="uploadprofile">
    <skipped/>
  </testcase> <!-- uploadprofile -->
  <system-out/>
</testsuite> <!-- com.evs.vtiger.testScript.Admin -->
