<?xml version="1.0" encoding="UTF-8"?>
<!-- Generated by org.testng.reporters.JUnitReportReporter -->
<testsuite hostname="DESKTOP-E27VPVB" failures="0" tests="3" name="com.evs.vtiger.testScript.Marketing" time="51.797" errors="0" timestamp="2023-12-17T20:55:43 IST" skipped="1">
  <testcase classname="com.evs.vtiger.testScript.Marketing" name="vt001AccountCreation" time="25.589"/>
  <testcase classname="com.evs.vtiger.testScript.Marketing" name="vt002LeadsCreation" time="26.208"/>
  <testcase classname="com.evs.vtiger.testScript.Marketing" name="vt003DocumentsCreation">
    <skipped/>
  </testcase> <!-- vt003DocumentsCreation -->
</testsuite> <!-- com.evs.vtiger.testScript.Marketing -->
